[2024/04/16 11:51:07]: §9          __             _       
[2024/04/16 11:51:07]: §9  _ __   / /  ___   __ _(_)_ __  
[2024/04/16 11:51:07]: §9 | '_ \ / /  / _ \ / _` | | '_ \ 
[2024/04/16 11:51:07]: §9 | | | / /__| (_) | (_| | | | | |
[2024/04/16 11:51:07]: §9 |_| |_\____/\___/ \__, |_|_| |_|
[2024/04/16 11:51:07]: §9                  |___/            
[2024/04/16 11:51:07]: §9 By: www.nickuc.com - V 10.2.53
[2024/04/16 11:51:07]: §9 
[2024/04/16 11:51:07]: §3[nLogin] [DEBUG] All settings were loaded in 217 ms.
[2024/04/16 11:51:07]: §3[nLogin] [DEBUG] Loading the messages_en.yml message file...
[2024/04/16 11:51:07]: §3[nLogin] [DEBUG] All plugin messages were loaded in 134 ms (languageByClient=false).
[2024/04/16 11:51:07]: §3[nLogin] [DEBUG] All proxy settings were loaded in 2 ms.
[2024/04/16 11:51:07]: §3[nLogin] [DEBUG] Loading database...
[2024/04/16 11:51:08]: §3[nLogin] [DEBUG] Starting logger filter...
[2024/04/18 23:16:18]: §4[nLogin] [ERROR] §cCould not connect to the api - internet unavailable or HTTPS port closed (this likely is a hosting error!)
[2024/04/18 23:17:59]: [nLogin] Connection re-established with remote server
[2024/04/18 23:59:59]: §4[nLogin] [ERROR] §cCould not connect to the api - internet unavailable or HTTPS port closed (this likely is a hosting error!)
[2024/04/19 00:01:59]: [nLogin] Connection re-established with remote server
[2024/04/20 04:09:30]: [nLogin] Download finished (took 174670ms, hash = 1398937040d53e4620f9e50907f8854f1edd0c52af322981e11b60073012f364)
[2024/04/20 17:17:46]: §4[nLogin] [ERROR] §cThe remote server sent an invalid response code (code = 525)
[2024/04/20 17:19:45]: [nLogin] Connection re-established with remote server
[2024/04/20 17:23:46]: §4[nLogin] [ERROR] §cThe remote server sent an invalid response code (code = 525)
[2024/04/20 17:25:46]: [nLogin] Connection re-established with remote server
[2024/04/20 21:58:21]: §4[nLogin] [ERROR] §cThe remote server sent an invalid response code (code = 520)
[2024/04/20 22:00:22]: [nLogin] Connection re-established with remote server
[2024/04/22 12:15:46]: §4[nLogin] [ERROR] §cThe remote server sent an invalid response code (code = 520)
[2024/04/22 12:17:46]: [nLogin] Connection re-established with remote server
[2024/04/22 14:23:59]: §4[nLogin] [ERROR] §cThe remote server sent an invalid response code (code = 520)
[2024/04/22 14:26:00]: [nLogin] Connection re-established with remote server
[2024/04/23 11:55:55]: [nLogin] Download finished (took 125110ms, hash = ab910890edb53d8162bf46d2b01f47aae10d29f38b28983ee3bb958348138491)
[2024/04/23 14:03:56]: [nLogin] Download finished (took 1919ms, hash = e74c2320f78b34f6e0b14b45aa3ef4caa2d5f89f923986ce02fdb0d162af5354)
[2024/04/24 05:46:48]: §4[nLogin] [ERROR] §cThe remote server sent an invalid response code (code = 520)
[2024/04/24 05:48:48]: [nLogin] Connection re-established with remote server
[2024/04/24 10:05:22]: [nLogin] Connection re-established with remote server
[2024/04/24 10:09:34]: §4[nLogin] [ERROR] §cCould not connect to the api - remote server is unavailable (code = 0)
[2024/04/24 10:11:21]: [nLogin] Connection re-established with remote server
[2024/04/24 10:35:49]: [nLogin] Connection re-established with remote server
[2024/04/24 10:39:53]: §4[nLogin] [ERROR] §cCould not connect to the api - remote server is unavailable (code = 0)
[2024/04/24 10:41:28]: [nLogin] Connection re-established with remote server
[2024/04/24 10:57:32]: [nLogin] Connection re-established with remote server
[2024/04/24 11:09:36]: [nLogin] Connection re-established with remote server
[2024/04/24 11:13:43]: [nLogin] Connection re-established with remote server
[2024/04/24 11:23:40]: [nLogin] Connection re-established with remote server
[2024/04/24 11:29:59]: [nLogin] Connection re-established with remote server
[2024/04/24 11:40:06]: [nLogin] Connection re-established with remote server
[2024/04/24 11:44:07]: §4[nLogin] [ERROR] §cCould not connect to the api - remote server is unavailable (code = 0)
[2024/04/24 11:45:45]: [nLogin] Connection re-established with remote server
[2024/04/24 12:25:51]: [nLogin] Connection re-established with remote server
[2024/04/24 12:59:02]: [nLogin] Download finished (took 65270ms, hash = bce1f75bc895e53a80e58392f6f12e6c5fd822324a08aee0e0d8e16d7b679c24)
[2024/04/24 17:52:30]: §4[nLogin] [ERROR] §cThe remote server sent an invalid response code (code = 520)
[2024/04/24 17:54:29]: [nLogin] Connection re-established with remote server
[2024/04/25 13:44:56]: [nLogin] Download finished (took 33797ms, hash = d882091a4d1f57054edbe07db2b848785ab53d061f538c21a9557ea1207f43e7)
[2024/04/25 13:51:07]: [nLogin] Download finished (took 284648ms, hash = 26df180fa02b6c2d085c8a67ac99c55253360922abb1162448d6571fb3a2c3ae)
[2024/04/26 20:23:12]: §4[nLogin] [ERROR] §cThe remote server sent an invalid response code (code = 520)
[2024/04/26 20:25:12]: [nLogin] Connection re-established with remote server
[2024/04/27 17:13:12]: §4[nLogin] [ERROR] §cCould not connect to the api - internet unavailable or HTTPS port closed (this likely is a hosting error!)
[2024/04/27 17:15:02]: [nLogin] Connection re-established with remote server
[2024/04/28 09:06:18]: §4[nLogin] [ERROR] §cThe remote server sent an invalid response code (code = 520)
[2024/04/28 09:08:21]: [nLogin] Connection re-established with remote server
[2024/04/29 21:41:11]: [nLogin] Connection re-established with remote server
[2024/04/30 22:21:03]: [nLogin] Download finished (took 3923ms, hash = 4ce4d24af5c5cf119fa419c9fb96db4593806ac2b4a08542ae61d0d1230715da)
[2024/05/01 11:03:38]: [nLogin] Download finished (took 4885ms, hash = a938b442ab79edb00793d6029a0ef890115f7d63bb348504d7245c83f87be931)
[2024/05/01 23:44:35]: [nLogin] Could not update: update was not confirmed by the user.
[2024/05/01 23:44:35]: [nLogin] Successful plugin core shutdown (took 0.01s)
