[2024/05/02 02:06:02]: §9          __             _       
[2024/05/02 02:06:02]: §9  _ __   / /  ___   __ _(_)_ __  
[2024/05/02 02:06:02]: §9 | '_ \ / /  / _ \ / _` | | '_ \ 
[2024/05/02 02:06:02]: §9 | | | / /__| (_) | (_| | | | | |
[2024/05/02 02:06:02]: §9 |_| |_\____/\___/ \__, |_|_| |_|
[2024/05/02 02:06:02]: §9                  |___/            
[2024/05/02 02:06:02]: §9 By: www.nickuc.com - V 10.3.15
[2024/05/02 02:06:02]: §9 
[2024/05/02 02:06:08]: §3[nLogin] [DEBUG] All settings were loaded in 5833 ms.
[2024/05/02 02:06:08]: §3[nLogin] [DEBUG] Loading the messages_en.yml message file...
[2024/05/02 02:06:08]: §3[nLogin] [DEBUG] All plugin messages were loaded in 123 ms (languageByClient=false).
[2024/05/02 02:06:08]: §3[nLogin] [DEBUG] All proxy settings were loaded in 2 ms.
[2024/05/02 02:06:08]: §3[nLogin] [DEBUG] Loading database...
[2024/05/02 02:06:08]: §e[nLogin] [WARN] 
[2024/05/02 02:06:08]: §e[nLogin] [WARN] Server requires conversion of database. (nLogin103Converter)
[2024/05/02 02:06:08]: §e[nLogin] [WARN] DO NOT TURN OFF YOUR SERVER (even if the process seems stuck)
[2024/05/02 02:06:08]: §e[nLogin] [WARN] 
[2024/05/02 02:06:08]: §e[nLogin] [WARN] Renaming table...
[2024/05/02 02:06:08]: §4[nLogin] [ERROR] §cCould not create database tables (using SQLITE)
org.sqlite.SQLiteException: [SQLITE_ERROR] SQL error or missing database (index last_name_idx already exists)
	at org.sqlite.core.DB.newSQLException(DB.java:1179)
	at org.sqlite.core.DB.newSQLException(DB.java:1190)
	at org.sqlite.core.DB.throwex(DB.java:1150)
	at org.sqlite.core.NativeDB.prepare_utf8(Native Method)
	at org.sqlite.core.NativeDB.prepare(NativeDB.java:132)
	at org.sqlite.core.DB.prepare(DB.java:264)
	at org.sqlite.jdbc3.JDBC3Statement.lambda$execute$0(JDBC3Statement.java:54)
	at org.sqlite.jdbc3.JDBC3Statement.withConnectionTimeout(JDBC3Statement.java:454)
	at org.sqlite.jdbc3.JDBC3Statement.execute(JDBC3Statement.java:43)
	at com.nickuc.login.ΠθκονθΛλαχςΔ.r(:143)
	at com.nickuc.login.κδΩζΩμζξΔρΛλΓιι.b(:76)
	at com.nickuc.login.κδΩζΩμζξΔρΛλΓιι.a(:41)
	at com.nickuc.login.χκηεΦωΣδλφΣτΦμι.h(:155)
	at com.nickuc.login.αχδΦΨςφΣφΣκ.h(:71)
	at com.nickuc.login.bukkit.nLoginBukkit.h(:59)
	at com.nickuc.login.λψΩγλΛΩχ.h(:66)
	at com.nickuc.login.ΣθΦΓμοΛσββδ.ak(:295)
	at com.nickuc.login.αχδΦΨςφΣφΣκ.enable(:49)
	at nLogin-10.3.15.jar//com.nickuc.login.loader.platform.BukkitLoader.onEnable(BukkitLoader.java:32)
	at org.bukkit.plugin.java.JavaPlugin.setEnabled(JavaPlugin.java:287)
	at io.papermc.paper.plugin.manager.PaperPluginInstanceManager.enablePlugin(PaperPluginInstanceManager.java:188)
	at io.papermc.paper.plugin.manager.PaperPluginManagerImpl.enablePlugin(PaperPluginManagerImpl.java:104)
	at org.bukkit.plugin.SimplePluginManager.enablePlugin(SimplePluginManager.java:507)
	at org.bukkit.craftbukkit.v1_20_R3.CraftServer.enablePlugin(CraftServer.java:639)
	at org.bukkit.craftbukkit.v1_20_R3.CraftServer.enablePlugins(CraftServer.java:550)
	at net.minecraft.server.dedicated.DedicatedServer.e(DedicatedServer.java:275)
	at net.minecraft.server.MinecraftServer.w(MinecraftServer.java:1131)
	at net.minecraft.server.MinecraftServer.lambda$spin$0(MinecraftServer.java:319)
	at java.base/java.lang.Thread.run(Unknown Source)
[2024/05/02 02:06:08]: §e[nLogin] [WARN] Cloning table...
[2024/05/02 02:06:08]: §e[nLogin] [WARN] Deleting old data...
[2024/05/02 02:06:08]: §e[nLogin] [WARN] Deleting duplicated accounts...
[2024/05/02 02:06:08]: §e[nLogin] [WARN] Deleted 0 duplicated accounts
[2024/05/02 02:06:08]: §e[nLogin] [WARN] Fetching duplicated UUIDs...
[2024/05/02 02:06:08]: §e[nLogin] [WARN] Fetching duplicated UUIDs accounts...
[2024/05/02 02:06:08]: §e[nLogin] [WARN] Deleting duplicated UUIDs... (0)
[2024/05/02 02:06:08]: §e[nLogin] [WARN] Conversion finished! (0.164s)
[2024/05/02 02:06:08]: §3[nLogin] [DEBUG] Starting logger filter...
[2024/05/02 02:07:20]: §3[nLogin] [DEBUG] [SQLite] [UPDATE]: "UPDATE `nlogin` SET `last_name` = 'KevinTaswin', `unique_id` = 5990d5ec2c2c355cb46cb65a2472c7c5,  `mojang_id` = null,  `bedrock_id` = null,  `password` = '$SHA512$ef1d1017f8078f4310389f79a3e17596eb00b429bd7629f44c6adad22cc20ebfed6ce427e8f1d02ecde823747f91bb1b372a55a3881b4a35190b80ff60900961$WwqBjmSlyBmHDJSfrnPEBGVb', `last_ip` = '192.168.1.10', `creation_date` = 2024-02-05 22:28:52.043, `last_seen` = 2024-05-02 02:07:20.796, `email` = null, `discord` = null, `settings` = '{"settings":[{"value":"en","key":"language"}],"version":0}' WHERE `ai` = 1" (applied to [last_ip, last_seen, settings] columns)
[2024/05/02 02:07:20]: [nLogin] The user KevinTaswin has successfully logged in.
[2024/05/02 02:07:35]: §3[nLogin] [DEBUG] [SQLite] [UPDATE]: "UPDATE `nlogin` SET `last_name` = 'KevinTaswin', `unique_id` = 5990d5ec2c2c355cb46cb65a2472c7c5,  `mojang_id` = null,  `bedrock_id` = null,  `password` = '$SHA512$ef1d1017f8078f4310389f79a3e17596eb00b429bd7629f44c6adad22cc20ebfed6ce427e8f1d02ecde823747f91bb1b372a55a3881b4a35190b80ff60900961$WwqBjmSlyBmHDJSfrnPEBGVb', `last_ip` = '192.168.1.10', `creation_date` = 2024-02-05 22:28:52.043, `last_seen` = 2024-05-02 02:07:35.279, `email` = null, `discord` = null, `settings` = '{"settings":[{"value":"en","key":"language"}],"version":0}' WHERE `ai` = 1" (applied to [last_seen, settings] columns)
[2024/05/02 02:07:55]: §3[nLogin] [DEBUG] [SQLite] [UPDATE]: "UPDATE `nlogin` SET `last_name` = 'KevinTaswin', `unique_id` = 5990d5ec2c2c355cb46cb65a2472c7c5,  `mojang_id` = null,  `bedrock_id` = null,  `password` = '$SHA512$ef1d1017f8078f4310389f79a3e17596eb00b429bd7629f44c6adad22cc20ebfed6ce427e8f1d02ecde823747f91bb1b372a55a3881b4a35190b80ff60900961$WwqBjmSlyBmHDJSfrnPEBGVb', `last_ip` = '192.168.1.10', `creation_date` = 2024-02-05 22:28:52.043, `last_seen` = 2024-05-02 02:07:55.728, `email` = null, `discord` = null, `settings` = '{"settings":[{"value":"en","key":"language"}],"version":0}' WHERE `ai` = 1" (applied to [last_ip, last_seen, settings] columns)
[2024/05/02 02:07:55]: [nLogin] The user KevinTaswin has successfully logged in.
[2024/05/02 02:08:12]: §3[nLogin] [DEBUG] [SQLite] [UPDATE]: "UPDATE `nlogin` SET `last_name` = 'KevinTaswin', `unique_id` = 5990d5ec2c2c355cb46cb65a2472c7c5,  `mojang_id` = null,  `bedrock_id` = null,  `password` = '$SHA512$ef1d1017f8078f4310389f79a3e17596eb00b429bd7629f44c6adad22cc20ebfed6ce427e8f1d02ecde823747f91bb1b372a55a3881b4a35190b80ff60900961$WwqBjmSlyBmHDJSfrnPEBGVb', `last_ip` = '192.168.1.10', `creation_date` = 2024-02-05 22:28:52.043, `last_seen` = 2024-05-02 02:08:12.104, `email` = null, `discord` = null, `settings` = '{"settings":[{"value":"en","key":"language"}],"version":0}' WHERE `ai` = 1" (applied to [last_seen, settings] columns)
[2024/05/02 02:08:24]: §3[nLogin] [DEBUG] [SQLite] [UPDATE]: "UPDATE `nlogin` SET `last_name` = 'KevinTaswin', `unique_id` = 5990d5ec2c2c355cb46cb65a2472c7c5,  `mojang_id` = null,  `bedrock_id` = null,  `password` = '$SHA512$ef1d1017f8078f4310389f79a3e17596eb00b429bd7629f44c6adad22cc20ebfed6ce427e8f1d02ecde823747f91bb1b372a55a3881b4a35190b80ff60900961$WwqBjmSlyBmHDJSfrnPEBGVb', `last_ip` = '192.168.1.10', `creation_date` = 2024-02-05 22:28:52.043, `last_seen` = 2024-05-02 02:08:24.513, `email` = null, `discord` = null, `settings` = '{"settings":[{"value":"en","key":"language"}],"version":0}' WHERE `ai` = 1" (applied to [last_ip, last_seen, settings] columns)
[2024/05/02 02:08:24]: [nLogin] The user KevinTaswin has successfully logged in.
[2024/05/02 02:08:29]: §3[nLogin] [DEBUG] [SQLite] [UPDATE]: "UPDATE `nlogin` SET `last_name` = 'KevinTaswin', `unique_id` = 5990d5ec2c2c355cb46cb65a2472c7c5,  `mojang_id` = null,  `bedrock_id` = null,  `password` = '$SHA512$ef1d1017f8078f4310389f79a3e17596eb00b429bd7629f44c6adad22cc20ebfed6ce427e8f1d02ecde823747f91bb1b372a55a3881b4a35190b80ff60900961$WwqBjmSlyBmHDJSfrnPEBGVb', `last_ip` = '192.168.1.10', `creation_date` = 2024-02-05 22:28:52.043, `last_seen` = 2024-05-02 02:08:29.612, `email` = null, `discord` = null, `settings` = '{"settings":[{"value":"en","key":"language"}],"version":0}' WHERE `ai` = 1" (applied to [last_seen, settings] columns)
[2024/05/02 02:08:34]: [nLogin] Successful plugin core shutdown (took 0.00s)
