[2024/02/12 17:09:36]: §9          __             _       
[2024/02/12 17:09:36]: §9  _ __   / /  ___   __ _(_)_ __  
[2024/02/12 17:09:36]: §9 | '_ \ / /  / _ \ / _` | | '_ \ 
[2024/02/12 17:09:36]: §9 | | | / /__| (_) | (_| | | | | |
[2024/02/12 17:09:36]: §9 |_| |_\____/\___/ \__, |_|_| |_|
[2024/02/12 17:09:36]: §9                  |___/            
[2024/02/12 17:09:36]: §9 By: www.nickuc.com - V 10.2.49
[2024/02/12 17:09:36]: §9 
[2024/02/12 17:09:36]: §3[nLogin] [DEBUG] All settings were loaded in 209 ms.
[2024/02/12 17:09:36]: §3[nLogin] [DEBUG] Loading the messages_en.yml message file...
[2024/02/12 17:09:36]: §3[nLogin] [DEBUG] All plugin messages were loaded in 136 ms (languageByClient=false).
[2024/02/12 17:09:36]: §3[nLogin] [DEBUG] All proxy settings were loaded in 1 ms.
[2024/02/12 17:09:36]: §3[nLogin] [DEBUG] Loading database...
[2024/02/12 17:09:37]: §3[nLogin] [DEBUG] Starting logger filter...
[2024/02/12 17:14:42]: §3[nLogin] [DEBUG] [SQLite] [UPDATE]: "UPDATE `nlogin` SET `last_name` = 'KevinTaswin', `unique_id` = 5990d5ec2c2c355cb46cb65a2472c7c5,  `mojang_id` = null,  `bedrock_id` = null,  `password` = '$SHA512$ef1d1017f8078f4310389f79a3e17596eb00b429bd7629f44c6adad22cc20ebfed6ce427e8f1d02ecde823747f91bb1b372a55a3881b4a35190b80ff60900961$WwqBjmSlyBmHDJSfrnPEBGVb', `last_ip` = '61.247.16.109', `creation_date` = 2024-02-05 22:28:52.043, `last_seen` = 2024-02-12 17:14:42.211, `email` = null, `discord` = null, `settings` = '{"settings":[{"value":"EIYAjHOL8TS5V4du7pNkFAzL9x9XZ0gJ4IsXA93E6JvGvMJ4vSKM3/Drj5jMduJNXS8/2xwH0KjeltqYcnw/gqowjJlFsFUnZFbBEXMk1ChIeWBrEAHr66fYco6Rkbc+xWeqEKdf4JVvXSdDXimlTYsKeKqAjt8Bj8yDPAIVnUE45dnvGeAx9s4da6pACvEiFDTgG7HhnHj7cR3lfvY/A3e8VRb/mTnLCZgKZX4vWpQze/faZ3mWgX1GlEO0kSDqhMhtOE7R9Y6znEX80pmQ+ZYSl+QjAXJ4rrIDxEwkhebe7DHM5d9Ha0EK583VeVwfzvWuNfDCQ7cZQl6Gku6vxIWEt5nSNDkbzyryn6h+EEihq9Qi0+GJAZglXz5upgIDHLVO9LCOoobZnZsWSO9M9Gf62arzUlHjMdzBSao9zRc/gyY4s5mMxcYLYlGSQOBJAU2AM0IpE3HnpbUKMhZ/D2eMa5JvagkaqCsOfXXAaWR5xBydBMry71gbb85lEUyyFRCW8Qiul/YfCy5VJUouNYtUawkVR1OuaRm3ZN9YjVO4PAD1v7AR/T4p5VKzK/d4J/XfDuaLFL/u+/gRB/GVTOcnyDOEIv4m4i5v5oLsgG+YPDBbLsfda+mU8T5g7DIgL711u2rK5a2MSWVepO8krEFoqJWycXP3vKFflkLnVls=:YCv99hg1cqkO+hZyWFZl/eKCdS4oMvWqkiwHLPlKVLIRPPfEEfYUmpyirutUEbNqZPQZbS0=","key":"encrypted"},{"value":"en","key":"language"}],"version":0}' WHERE `ai` = 1"
[2024/02/12 17:14:42]: §3[nLogin] [DEBUG] [SQLite] [UPDATE]: "UPDATE `nlogin` SET `last_name` = 'KevinTaswin', `unique_id` = 5990d5ec2c2c355cb46cb65a2472c7c5,  `mojang_id` = null,  `bedrock_id` = null,  `password` = '$SHA512$ef1d1017f8078f4310389f79a3e17596eb00b429bd7629f44c6adad22cc20ebfed6ce427e8f1d02ecde823747f91bb1b372a55a3881b4a35190b80ff60900961$WwqBjmSlyBmHDJSfrnPEBGVb', `last_ip` = '192.168.1.5', `creation_date` = 2024-02-05 22:28:52.043, `last_seen` = 2024-02-12 17:14:42.211, `email` = null, `discord` = null, `settings` = '{"settings":[{"value":"EIYAjHOL8TS5V4du7pNkFAzL9x9XZ0gJ4IsXA93E6JvGvMJ4vSKM3/Drj5jMduJNXS8/2xwH0KjeltqYcnw/gqowjJlFsFUnZFbBEXMk1ChIeWBrEAHr66fYco6Rkbc+xWeqEKdf4JVvXSdDXimlTYsKeKqAjt8Bj8yDPAIVnUE45dnvGeAx9s4da6pACvEiFDTgG7HhnHj7cR3lfvY/A3e8VRb/mTnLCZgKZX4vWpQze/faZ3mWgX1GlEO0kSDqhMhtOE7R9Y6znEX80pmQ+ZYSl+QjAXJ4rrIDxEwkhebe7DHM5d9Ha0EK583VeVwfzvWuNfDCQ7cZQl6Gku6vxIWEt5nSNDkbzyryn6h+EEihq9Qi0+GJAZglXz5upgIDHLVO9LCOoobZnZsWSO9M9Gf62arzUlHjMdzBSao9zRc/gyY4s5mMxcYLYlGSQOBJAU2AM0IpE3HnpbUKMhZ/D2eMa5JvagkaqCsOfXXAaWR5xBydBMry71gbb85lEUyyFRCW8Qiul/YfCy5VJUouNYtUawkVR1OuaRm3ZN9YjVO4PAD1v7AR/T4p5VKzK/d4J/XfDuaLFL/u+/gRB/GVTOcnyDOEIv4m4i5v5oLsgG+YPDBbLsfda+mU8T5g7DIgL711u2rK5a2MSWVepO8krEFoqJWycXP3vKFflkLnVls=:YCv99hg1cqkO+hZyWFZl/eKCdS4oMvWqkiwHLPlKVLIRPPfEEfYUmpyirutUEbNqZPQZbS0=","key":"encrypted"},{"value":"en","key":"language"}],"version":0}' WHERE `ai` = 1"
[2024/02/12 17:14:42]: [nLogin] The user KevinTaswin has successfully logged in.
[2024/02/12 17:16:20]: §3[nLogin] [DEBUG] [SQLite] [UPDATE]: "UPDATE `nlogin` SET `last_name` = 'KevinTaswin', `unique_id` = 5990d5ec2c2c355cb46cb65a2472c7c5,  `mojang_id` = null,  `bedrock_id` = null,  `password` = '$SHA512$ef1d1017f8078f4310389f79a3e17596eb00b429bd7629f44c6adad22cc20ebfed6ce427e8f1d02ecde823747f91bb1b372a55a3881b4a35190b80ff60900961$WwqBjmSlyBmHDJSfrnPEBGVb', `last_ip` = '192.168.1.5', `creation_date` = 2024-02-05 22:28:52.043, `last_seen` = 2024-02-12 17:16:20.49, `email` = null, `discord` = null, `settings` = '{"settings":[{"value":"EIYAjHOL8TS5V4du7pNkFAzL9x9XZ0gJ4IsXA93E6JvGvMJ4vSKM3/Drj5jMduJNXS8/2xwH0KjeltqYcnw/gqowjJlFsFUnZFbBEXMk1ChIeWBrEAHr66fYco6Rkbc+xWeqEKdf4JVvXSdDXimlTYsKeKqAjt8Bj8yDPAIVnUE45dnvGeAx9s4da6pACvEiFDTgG7HhnHj7cR3lfvY/A3e8VRb/mTnLCZgKZX4vWpQze/faZ3mWgX1GlEO0kSDqhMhtOE7R9Y6znEX80pmQ+ZYSl+QjAXJ4rrIDxEwkhebe7DHM5d9Ha0EK583VeVwfzvWuNfDCQ7cZQl6Gku6vxIWEt5nSNDkbzyryn6h+EEihq9Qi0+GJAZglXz5upgIDHLVO9LCOoobZnZsWSO9M9Gf62arzUlHjMdzBSao9zRc/gyY4s5mMxcYLYlGSQOBJAU2AM0IpE3HnpbUKMhZ/D2eMa5JvagkaqCsOfXXAaWR5xBydBMry71gbb85lEUyyFRCW8Qiul/YfCy5VJUouNYtUawkVR1OuaRm3ZN9YjVO4PAD1v7AR/T4p5VKzK/d4J/XfDuaLFL/u+/gRB/GVTOcnyDOEIv4m4i5v5oLsgG+YPDBbLsfda+mU8T5g7DIgL711u2rK5a2MSWVepO8krEFoqJWycXP3vKFflkLnVls=:YCv99hg1cqkO+hZyWFZl/eKCdS4oMvWqkiwHLPlKVLIRPPfEEfYUmpyirutUEbNqZPQZbS0=","key":"encrypted"},{"value":"en","key":"language"}],"version":0}' WHERE `ai` = 1"
[2024/02/12 17:16:30]: [nLogin] Could not update: update was not confirmed by the user.
[2024/02/12 17:16:30]: [nLogin] Successful plugin core shutdown (took 0.00s)
