[2024/03/21 18:28:52]: §9          __             _       
[2024/03/21 18:28:52]: §9  _ __   / /  ___   __ _(_)_ __  
[2024/03/21 18:28:52]: §9 | '_ \ / /  / _ \ / _` | | '_ \ 
[2024/03/21 18:28:52]: §9 | | | / /__| (_) | (_| | | | | |
[2024/03/21 18:28:52]: §9 |_| |_\____/\___/ \__, |_|_| |_|
[2024/03/21 18:28:52]: §9                  |___/            
[2024/03/21 18:28:52]: §9 By: www.nickuc.com - V 10.2.53
[2024/03/21 18:28:52]: §9 
[2024/03/21 18:28:53]: §3[nLogin] [DEBUG] All settings were loaded in 403 ms.
[2024/03/21 18:28:53]: §3[nLogin] [DEBUG] Loading the messages_en.yml message file...
[2024/03/21 18:28:53]: §3[nLogin] [DEBUG] All plugin messages were loaded in 207 ms (languageByClient=false).
[2024/03/21 18:28:53]: §3[nLogin] [DEBUG] All proxy settings were loaded in 2 ms.
[2024/03/21 18:28:53]: §3[nLogin] [DEBUG] Loading database...
[2024/03/21 18:28:54]: §3[nLogin] [DEBUG] Starting logger filter...
[2024/03/23 21:24:31]: §3[nLogin] [DEBUG] The Arlecchino (103.213.128.25) player entered an incorrect password
[2024/03/23 21:24:31]: §3[nLogin] [DEBUG] [SQLite] [UPDATE]: "UPDATE `nlogin` SET `last_name` = 'Arlecchino', `unique_id` = f6628db2514a3b88a543009896c21160,  `mojang_id` = null,  `bedrock_id` = null,  `password` = '$SHA512$e30827618ecfceaee46501f4d1019c8de08937cceb9f9eb9a54bd3a2a799bb25331b645d2f9f36eccc7bfe3428cd9332f757e6ad5c630431a725c6d57bf3edbb$NsOKjSbvwfCLaFuSnpkyUvLd', `last_ip` = '202.80.212.32', `creation_date` = 2024-03-01 14:42:11.87, `last_seen` = 2024-03-02 07:21:08.706, `email` = null, `discord` = null, `settings` = '{"settings":[{"value":{"block-tries-103.213.128.25":{"expires-on":1711205071587,"value":1}},"key":"temporary"},{"value":"RkpH/43HsqRTmNY+s2+tCt/pkWzL77CHIRfn7HPgaZDkYDf8lTC1YNuOeZAmtbcfne8MZ/6jrUsoc6/UCCUNBPwwGLoC6JIPbHpBrv+8Odv9HIXnE1EWvd+jEv/QeS0cXUIA1YA+r4CyXDYUnPAver2EgBztr1CqJeBrPQj942Mbz7p9FiRlGCaDkGuAMkvOvSbRlv8A4nNw876WWfdFBI2PkTml67G/e8lGJhb7C8BOwX1VKh/AIX4eT4gg5XhhPazv1cyBPJMypDrVqSzh6Pa98ScZwNMZv0XRschNueTwhrffLzf05WeRsII4SIoD2Jrc3GjanG6jpTMszk+8ErWIIetkeRdPulfpgoCbRKJ8CJ5FpdUlyGRi3m6bWNHawIqqJJaoGQI+WPoElDKl4YU8u0tCXNlvzi5hPj5ksGWYgzTs54R0KcrDuYzdb1t7bWclYo3KYBHzeV6tQVz6vA+zKBALnymdTtjuwhy1oc7KTp0jn3SAN9l2VpxsnWF9xTTIbS7IRAjWswK4Jv/h03oIGJHjFWd7YPaLRAXafvXLvpF7AY/DnUGX1YjjHF4scCFNwfEjgDxRiaLow0Zq8Wxu4QFaBwFjdEL6T7yjgTVi2TKiq5X2eoIaHGRO+n5RD3OrmW+ScE/YIO91NEYoYVGmME1GSC+qCWgRqdDJWc0=:xjvrSG7PfMovTAE/85WHdyWJbk+BR9nlJus2XGGd84Vsub1NagqlotSf0zafkyb2tuY=","key":"encrypted"},{"value":"en","key":"language"}],"version":0}' WHERE `ai` = 18" (applied to [settings] columns)
[2024/03/23 21:24:42]: §3[nLogin] [DEBUG] [SQLite] [UNREGISTER]: Removing the Arlecchino's account...
[2024/03/23 21:24:42]: §3[nLogin] [DEBUG] [SQLite] [UPDATE]: "UPDATE `nlogin` SET `last_name` = 'Arlecchino', `unique_id` = f6628db2514a3b88a543009896c21160,  `mojang_id` = null,  `bedrock_id` = null,  `password` = null, `last_ip` = null, `creation_date` = 1970-01-01 07:00:00.0, `last_seen` = 1970-01-01 07:00:00.0, `email` = null, `discord` = null, `settings` = null WHERE `ai` = 18" (applied to all columns)
[2024/03/23 21:24:42]: §3[nLogin] [DEBUG] The Arlecchino player had his account unregistered by CONSOLE.
[2024/03/23 21:24:45]: [nLogin] Successful plugin core shutdown (took 0.01s)
