[2024/02/08 17:22:35]: §9          __             _       
[2024/02/08 17:22:35]: §9  _ __   / /  ___   __ _(_)_ __  
[2024/02/08 17:22:35]: §9 | '_ \ / /  / _ \ / _` | | '_ \ 
[2024/02/08 17:22:35]: §9 | | | / /__| (_) | (_| | | | | |
[2024/02/08 17:22:35]: §9 |_| |_\____/\___/ \__, |_|_| |_|
[2024/02/08 17:22:35]: §9                  |___/            
[2024/02/08 17:22:35]: §9 By: www.nickuc.com - V 10.2.49
[2024/02/08 17:22:35]: §9 
[2024/02/08 17:22:36]: §3[nLogin] [DEBUG] All settings were loaded in 200 ms.
[2024/02/08 17:22:36]: §3[nLogin] [DEBUG] Loading the messages_en.yml message file...
[2024/02/08 17:22:36]: §3[nLogin] [DEBUG] All plugin messages were loaded in 132 ms (languageByClient=false).
[2024/02/08 17:22:36]: §3[nLogin] [DEBUG] All proxy settings were loaded in 1 ms.
[2024/02/08 17:22:36]: §3[nLogin] [DEBUG] Loading database...
[2024/02/08 17:22:36]: §3[nLogin] [DEBUG] Starting logger filter...
[2024/02/08 17:26:29]: §3[nLogin] [DEBUG] [SQLite] [UPDATE]: "INSERT INTO `nlogin` (`last_name`, `unique_id`, `mojang_id`, `bedrock_id`, `password`, `last_ip`, `creation_date`, `last_seen`, `email`, `discord`, `settings`) VALUES ('.afartrash', null, null, 0000000000000000000901f28268e14f, null, '118.136.181.11', '2024-02-08 17:26:29.337', '2024-02-08 17:26:29.337', null, null, '{"settings":[{"value":true,"key":"force-register-commands"},{"value":true,"key":"force-register-spawn"}],"version":0}')"
[2024/02/08 17:26:35]: §3[nLogin] [DEBUG] [SQLite] [UPDATE]: "INSERT INTO `nlogin` (`last_name`, `unique_id`, `mojang_id`, `bedrock_id`, `password`, `last_ip`, `creation_date`, `last_seen`, `email`, `discord`, `settings`) VALUES ('.KrispiyChic', null, null, 0000000000000000000901f13a63e9a4, null, '180.243.11.49', '2024-02-08 17:26:35.243', '2024-02-08 17:26:35.243', null, null, '{"settings":[{"value":true,"key":"force-register-commands"},{"value":true,"key":"force-register-spawn"}],"version":0}')"
[2024/02/08 17:27:02]: §3[nLogin] [DEBUG] [SQLite] [UPDATE]: "UPDATE `nlogin` SET `last_name` = '.KrispiyChic', `unique_id` = 8e72c172c55b38a5942f8811b2fb097b,  `mojang_id` = null,  `bedrock_id` = 0000000000000000000901f13a63e9a4,  `password` = '$SHA512$322eeed862ede06b588c27931090152cc1a4a5521ba717db234ac474a857010a586caee4b79c3eac254895f0c44273b67d3414ea73713e313f7817a0e549721f$sgmIPBgxnVZQqLRCQesvckzQ', `last_ip` = '180.243.11.49', `creation_date` = 2024-02-08 17:27:01.961, `last_seen` = 2024-02-08 17:27:01.961, `email` = null, `discord` = null, `settings` = '{"settings":[{"value":"rszd9DJyH/f8XJmX4T0dGQkPouCtRIFDTmdYo2DnCqDMDgtoBCIKnWgsOWDFUMoCG+DVaoaDw5bL7e9jEgmk+K60jGln8Pj898ZXPyfJShknCEWS/hELxS1lyFyeA0awJbDSsiY5tMaAipA/l+ALnGRQGGLhNsfuim913u1eTURgLwwNX4qgICffxVJZqray3XrkhfsECYtM63qbefsfa29tCoHF7zpJcLCOQ28mREyy7TM1V6CeNnOASL5OOTYHyudNQCmYQll42l5u1COHeTFiWuDL/4orUKxjPMaIn/9hqi4u59Bo54oLwFRe4D6lwWo/NW4jWemeOrjBD4livIAHb+fHwJaVnjHz8wB/qtAQsBX2MMQhEBTI75c9PW8EXlmoFMG+yjy+a52XHTv2nu7NbvWgJKPAl3KSeoT0yUOFnJO3D1E+3oXO4WHjlOw38QucvBPPFVZJZ+O1SFdqoNGx7rGf89ytxEj+eQlJ6ar33rK8groPCEfN1BzX2O6uwAszf8mpUGEljeSZY6SFfPx9pDH8ge1YrAbJfSzGL4LeuOq4ZuidRPVT49e1GxTMEXZapqVC6k2uZc+qygUqlFz/hiMYDUOfCXgdtTho8ej9z7rVZVJyPxDiJ8qgCdHXDUv7KW+N4/6o3XV7vVJbgjs+k3TuS8CZOru/4oi9DQo=:703EUFeX5WXXQJvQGDntbDu6SHhBZ+jF07ncTWDTClOy6GiPHmM4S5sOe0vDed0XKVGe7KoBcsQ=","key":"encrypted"}],"version":0}' WHERE `ai` = 16"
[2024/02/08 17:27:02]: [nLogin] The user .KrispiyChic has successfully registered.
[2024/02/08 17:27:02]: §3[nLogin] [DEBUG] [SQLite] [UPDATE]: "UPDATE `nlogin` SET `last_name` = '.afartrash', `unique_id` = ac9e99a53534338db31151f9ec316577,  `mojang_id` = null,  `bedrock_id` = 0000000000000000000901f28268e14f,  `password` = '$SHA512$b3ff06d60cfb0fad1dd820c711c18a4a3b1567ba8cbbc3d044cfcef0198dd5dba5aedc6d5a768f06cd02fc7d5fecc0c623b9c27a2333bdd003755f1e10f98531$uZYDNdkjeRnmwOsSmjWFzhLB', `last_ip` = '118.136.181.11', `creation_date` = 2024-02-08 17:27:02.024, `last_seen` = 2024-02-08 17:27:02.024, `email` = null, `discord` = null, `settings` = '{"settings":[{"value":"KYrI9K5RGn2whAFXLfA3CjZhMrDBm/Ux9k0SpidQMmwISo1F4dariHcXJUY8FJcrPcGT86KJfsI21V0qCulMINcz8pkXcJWw+Yo3wnYUOrEdhWJWuj2TnRZZf2vRC+5lbW6hRLFd6gW4J7KUITdlQh7AMJmUQS6ZHVKa3driQ3j9lQXVYGt5/HjJJ/FnoUk2rS5ThKgeknBT3aS+8Wtj1y69Th1A229tMouLchX8kRsNEMEt7dU/lQf2ZSSDA25Br+D7HhMnzf+kv1US68AhnUEF157l7O+n6zEXVyzW7yOooro3AbdWRgoQ3uvupMfCNXOvYy80R9JZGA0AI4Ee1Mb52BwWISDGG2NAkWrn4F8xFkqcMRGEhh9q8Ns+wm/WXQ0twfHNxidMOyRHQ9swUPLZP/malAOhQ0jbXxdgzKWlMy5H3y2uDgtjTMHghr5nW+PsBhD/EcZCbtINZ+AQu/rxWEwdeo4eVkqLM9wYt8c4kIh5TEYy0q0yWJIhsZ9FdNr+nTHVziwBpnGm03P/TEvihSmrDcRjdvzUugJJnA5lJbK4T71zuPsFS9GKeev/UXAxbP33OuvshP4Mza0HOnQIuLNjZKcs2isBWcs6Q1EtDuRZXj+u/CqrF7o1S10oLQAU6ngL9mRYuimVLtEMCpMeytjUVoPZeOPbOT1Ds1s=:aHeweLPWIRPUxhIvMR7a4gqnVHnEx4tOopUFvWCnq2sbdfOeVYbYcN1ty03aU/z0rTTQfyVm","key":"encrypted"}],"version":0}' WHERE `ai` = 15"
[2024/02/08 17:27:02]: [nLogin] The user .afartrash has successfully registered.
[2024/02/08 17:27:59]: [nLogin] Successful plugin core shutdown (took 0.00s)
